[10:36:13] [INFO] Données rafraîchies avec succès
[10:39:37] [INFO] Données rafraîchies avec succès
[10:39:50] [INFO] Bot démarré
[10:40:53] [INFO] Données rafraîchies avec succès
[10:46:46] [INFO] Données rafraîchies avec succès
[10:46:54] [INFO] Données rafraîchies avec succès
[10:46:57] [INFO] Bot démarré
[10:49:08] [INFO] Données rafraîchies avec succès
[10:49:09] [INFO] Données rafraîchies avec succès
[10:49:16] [INFO] Données rafraîchies avec succès
[10:49:19] [INFO] Bot démarré
[10:51:39] [INFO] Données rafraîchies avec succès
[10:51:40] [INFO] Données rafraîchies avec succès
[10:51:41] [INFO] Données rafraîchies avec succès
[10:58:17] [INFO] Données rafraîchies avec succès
[10:58:18] [INFO] Données rafraîchies avec succès
[10:59:14] [INFO] Données rafraîchies avec succès
[10:59:15] [INFO] Données rafraîchies avec succès
[10:59:31] [INFO] Données rafraîchies avec succès
[10:59:32] [INFO] Données rafraîchies avec succès
[10:59:36] [INFO] Données rafraîchies avec succès
[10:59:41] [INFO] Bot démarré
[10:59:45] [INFO] Données rafraîchies avec succès
[10:59:46] [INFO] Données rafraîchies avec succès
[11:02:13] [INFO] Données rafraîchies avec succès
[11:02:14] [INFO] Données rafraîchies avec succès
[11:02:21] [INFO] Bot démarré
[11:02:22] [INFO] Données rafraîchies avec succès
[11:02:29] [INFO] Données rafraîchies avec succès
[11:02:43] [INFO] Données rafraîchies avec succès
[11:02:48] [INFO] Données rafraîchies avec succès
[11:02:51] [INFO] Paramètres de trading sauvegardés
[11:12:48] [INFO] Données rafraîchies avec succès
[11:12:48] [INFO] Données rafraîchies avec succès
[11:12:57] [INFO] Bot démarré
[11:14:45] [INFO] Données rafraîchies avec succès
[11:14:46] [INFO] Données rafraîchies avec succès
[11:14:50] [INFO] Bot démarré
[11:14:52] [INFO] Données rafraîchies avec succès
[11:16:06] [INFO] Données rafraîchies avec succès
[11:17:08] [INFO] Données rafraîchies avec succès
[11:17:09] [INFO] Données rafraîchies avec succès
[11:17:12] [INFO] Bot démarré
[11:18:29] [INFO] Données rafraîchies avec succès
[11:27:53] [INFO] Données rafraîchies avec succès
[11:27:54] [INFO] Données rafraîchies avec succès
[11:27:55] [INFO] Données rafraîchies avec succès
[11:28:17] [INFO] Paramètres de trading sauvegardés
[11:28:22] [INFO] Données rafraîchies avec succès
[11:28:26] [INFO] Bot démarré
[11:28:26] [INFO] Stratégies activées: EMA Crossover, MACD, Bollinger Bands, RSI, Combinaison
[11:28:26] [INFO] Capital initial: $10000.0
[11:28:26] [INFO] Risque par trade: 1.0%
[11:28:26] [INFO] Take Profit: 2.0%
[11:28:26] [INFO] Stop Loss: 1.0%
[11:28:26] [INFO] Prix actuel: $102444.00
[11:31:18] [INFO] Données rafraîchies avec succès
[11:31:18] [INFO] Données rafraîchies avec succès
[11:31:19] [INFO] Données rafraîchies avec succès
[11:31:19] [INFO] Données rafraîchies avec succès
[11:31:34] [INFO] Données rafraîchies avec succès
[11:31:42] [INFO] Paramètres de trading sauvegardés
[11:31:46] [INFO] Données rafraîchies avec succès
[11:31:49] [INFO] Bot démarré
[11:31:49] [INFO] Stratégies activées: EMA Crossover, MACD, RSI, Bollinger Bands, Combinaison
[11:31:49] [INFO] Capital initial: $10000.0
[11:31:49] [INFO] Risque par trade: 1.0%
[11:31:49] [INFO] Take Profit: 2.0%
[11:31:49] [INFO] Stop Loss: 1.0%
[11:31:49] [INFO] Prix actuel: $102551.41
[11:32:02] [INFO] Données rafraîchies avec succès
[11:32:02] [INFO] Analyse des signaux de trading en cours...
[11:32:02] [INFO] Prix actuel: $102586.94
[11:33:10] [INFO] Données rafraîchies avec succès
[11:33:10] [INFO] Analyse des signaux de trading en cours...
[11:33:10] [INFO] Prix actuel: $102714.19
[11:35:57] [INFO] Bot arrêté
[11:35:57] [INFO] Donnes rafrachies avec succs
[11:36:01] [INFO] Bot dmarr
[11:36:01] [INFO] Stratgies actives: EMA Crossover, MACD, RSI, Bollinger Bands, Combinaison
[11:36:01] [INFO]  EMA Crossover: Surveille le croisement de moyennes mobiles exponentielles
[11:36:01] [INFO]  MACD: Surveille les croisements et divergences
[11:36:01] [INFO]  RSI: Surveille les conditions de surachat/survente
[11:36:01] [INFO]  Bollinger Bands: Surveille les dpassements des bandes
[11:36:01] [INFO]  Combinaison: Utilise plusieurs indicateurs pour confirmer les signaux
[11:36:01] [INFO] Capital initial: $10000.0
[11:36:01] [INFO] Risque par trade: 1.0%
[11:36:01] [INFO] Take Profit: 2.0%
[11:36:01] [INFO] Stop Loss: 1.0%
[11:36:01] [INFO] Prix actuel: $102709.89
[11:36:01] [INFO]  EMA Crossover: Pas de signal clair (EMA9: 102665.36, EMA21: 102701.09)
[11:36:01] [INFO]  MACD: Pas de signal clair (MACD: -55.78, Signal: -74.72)
[11:36:01] [INFO]  RSI: Pas de signal clair (RSI: 45.37)
[11:36:01] [INFO]  Bollinger: Pas de signal clair (Prix entre les bandes)
[11:36:01] [INFO]  Combinaison: Pas de consensus entre les stratgies
[11:36:01] [INFO]  DCISION FINALE: CONSERVER (pas de signal clair)
[11:38:08] [INFO] Donnes rafrachies avec succs
[11:38:08] [INFO] Analyse des signaux de trading en cours...
[11:38:08] [INFO] Prix actuel: $102713.39
[11:38:08] [INFO]  EMA Crossover: Pas de signal clair (EMA9: 102682.95, EMA21: 102700.46)
[11:38:08] [INFO]  MACD: Pas de signal clair (MACD: -37.94, Signal: -59.84)
[11:38:08] [INFO]  RSI: Pas de signal clair (RSI: 47.17)
[11:38:08] [INFO]  Bollinger: Pas de signal clair (Prix entre les bandes)
[11:38:08] [INFO]  Combinaison: Pas de consensus entre les stratgies
[11:38:08] [INFO]  DCISION FINALE: CONSERVER (pas de signal clair)
[11:38:11] [INFO] Donnes rafrachies avec succs
[11:38:11] [INFO] Analyse des signaux de trading en cours...
[11:38:11] [INFO] Prix actuel: $102729.39
[11:38:11] [INFO]  EMA Crossover: Pas de signal clair (EMA9: 102686.15, EMA21: 102701.91)
[11:38:11] [INFO]  MACD: Pas de signal clair (MACD: -36.66, Signal: -59.58)
[11:38:11] [INFO]  RSI: Pas de signal clair (RSI: 47.85)
[11:38:11] [INFO]  Bollinger: Pas de signal clair (Prix entre les bandes)
[11:38:11] [INFO]  Combinaison: Pas de consensus entre les stratgies
[11:38:11] [INFO]  DCISION FINALE: CONSERVER (pas de signal clair)
[11:38:49] [INFO] Donnes rafrachies avec succs
[11:38:49] [INFO] Analyse des signaux de trading en cours...
[11:38:49] [INFO] Prix actuel: $102762.38
[11:38:49] [INFO]  EMA Crossover: Pas de signal clair (EMA9: 102692.75, EMA21: 102704.91)
[11:38:49] [INFO]  MACD: Pas de signal clair (MACD: -34.03, Signal: -59.06)
[11:38:49] [INFO]  RSI: Pas de signal clair (RSI: 49.36)
[11:38:49] [INFO]  Bollinger: Pas de signal clair (Prix entre les bandes)
[11:38:49] [INFO]  Combinaison: Pas de consensus entre les stratgies
[11:38:49] [INFO]  DCISION FINALE: CONSERVER (pas de signal clair)
[11:38:56] [INFO] Donnes rafrachies avec succs
[11:38:56] [INFO] Analyse des signaux de trading en cours...
[11:38:56] [INFO] Prix actuel: $102753.38
[11:38:56] [INFO]  EMA Crossover: Pas de signal clair (EMA9: 102690.95, EMA21: 102704.09)
[11:38:56] [INFO]  MACD: Pas de signal clair (MACD: -34.75, Signal: -59.20)
[11:38:56] [INFO]  RSI: Pas de signal clair (RSI: 48.95)
[11:38:56] [INFO]  Bollinger: Pas de signal clair (Prix entre les bandes)
[11:38:56] [INFO]  Combinaison: Pas de consensus entre les stratgies
[11:38:56] [INFO]  DCISION FINALE: CONSERVER (pas de signal clair)
[11:40:12] [INFO] Donnes rafrachies avec succs
[11:40:14] [INFO] Donnes rafrachies avec succs
[11:40:24] [INFO] Donnes rafrachies avec succs
[11:40:30] [INFO] Paramtres de trading sauvegards
[11:40:34] [INFO] Donnes rafrachies avec succs
[11:40:37] [INFO] Bot dmarr
[11:40:37] [INFO] Stratgies actives: EMA Crossover, RSI, MACD, Bollinger Bands, Combinaison
[11:40:37] [INFO]  EMA Crossover: Surveille le croisement de moyennes mobiles exponentielles
[11:40:37] [INFO]  RSI: Surveille les conditions de surachat/survente
[11:40:37] [INFO]  MACD: Surveille les croisements et divergences
[11:40:37] [INFO]  Bollinger Bands: Surveille les dpassements des bandes
[11:40:37] [INFO]  Combinaison: Utilise plusieurs indicateurs pour confirmer les signaux
[11:40:37] [INFO] Capital initial: $10000.0
[11:40:37] [INFO] Risque par trade: 1.0%
[11:40:37] [INFO] Take Profit: 2.0%
[11:40:37] [INFO] Stop Loss: 1.0%
[11:40:37] [INFO] Prix actuel: $102753.87
[11:40:37] [INFO]  EMA Crossover: Signal d'ACHAT dtect! EMA9 a crois EMA21 par le haut
[11:40:37] [INFO]  RSI: Pas de signal clair (RSI: 54.18)
[11:40:37] [INFO]  MACD: Pas de signal clair (MACD: -20.11, Signal: -46.16)
[11:40:37] [INFO]  Bollinger: Pas de signal clair (Prix entre les bandes)
[11:40:37] [INFO]  Combinaison: Pas de consensus entre les stratgies
[11:40:37] [INFO]  DCISION FINALE: CONSERVER (pas de signal clair)
[11:41:01] [INFO] Donnes rafrachies avec succs
[11:41:02] [INFO] Analyse des signaux de trading en cours...
[11:41:02] [INFO] Prix actuel: $102721.89
[11:41:02] [INFO]  EMA Crossover: Pas de signal clair (EMA9: 102707.17, EMA21: 102709.42)
[11:41:02] [INFO]  RSI: Pas de signal clair (RSI: 62.82)
[11:41:02] [INFO]  MACD: Pas de signal clair (MACD: -20.73, Signal: -41.77)
[11:41:02] [INFO]  Bollinger: Pas de signal clair (Prix entre les bandes)
[11:41:02] [INFO]  Combinaison: Pas de consensus entre les stratgies
[11:41:02] [INFO]  DCISION FINALE: CONSERVER (pas de signal clair)
[11:43:17] [INFO] Donnes rafrachies avec succs
[11:43:17] [INFO] Donnes rafrachies avec succs
[11:44:04] [INFO] Donnes rafrachies avec succs
[11:44:05] [INFO] Donnes rafrachies avec succs
[11:45:33] [INFO] Donnes rafrachies avec succs
[11:45:34] [INFO] Donnes rafrachies avec succs
[11:46:26] [INFO] Donnes rafrachies avec succs
[11:46:27] [INFO] Donnes rafrachies avec succs
[11:46:38] [INFO] Donnes rafrachies avec succs
[11:46:43] [INFO] Donnes rafrachies avec succs
[11:47:54] [INFO] Donnes rafrachies avec succs
[11:47:55] [INFO] Donnes rafrachies avec succs
[11:47:55] [INFO] Donnes rafrachies avec succs
[11:47:55] [INFO] Donnes rafrachies avec succs
[11:47:57] [INFO] Donnes rafrachies avec succs
[11:48:02] [INFO] Donnes rafrachies avec succs
[11:48:05] [INFO] Donnes rafrachies avec succs
[11:48:07] [INFO] Paramtres de trading sauvegards
[11:48:07] [INFO] Donnes rafrachies avec succs
[11:48:09] [INFO] Donnes rafrachies avec succs
[11:48:11] [INFO] Bot dmarr
[11:48:11] [INFO] Stratgies actives: EMA Crossover, RSI, MACD, Bollinger Bands, Combinaison
[11:48:11] [INFO]  EMA Crossover: Surveille le croisement de moyennes mobiles exponentielles
[11:48:11] [INFO]  RSI: Surveille les conditions de surachat/survente
[11:48:11] [INFO]  MACD: Surveille les croisements et divergences
[11:48:11] [INFO]  Bollinger Bands: Surveille les dpassements des bandes
[11:48:11] [INFO]  Combinaison: Utilise plusieurs indicateurs pour confirmer les signaux
[11:48:11] [INFO] Capital initial: $10000.0
[11:48:11] [INFO] Risque par trade: 1.0%
[11:48:11] [INFO] Take Profit: 2.0%
[11:48:11] [INFO] Stop Loss: 1.0%
[11:48:11] [INFO] Prix actuel: $102766.92
[11:48:11] [INFO]  EMA Crossover: Pas de signal clair (EMA9: 102758.95, EMA21: 102738.30)
[11:48:11] [INFO]  RSI: Pas de signal clair (RSI: 50.60)
[11:48:11] [INFO]  MACD: Pas de signal clair (MACD: 7.95, Signal: -8.82)
[11:48:11] [INFO]  Bollinger: Pas de signal clair (Prix entre les bandes)
[11:48:11] [INFO]  Combinaison: Pas de consensus entre les stratgies
[11:48:11] [INFO]  DCISION FINALE: CONSERVER (pas de signal clair)
[11:48:11] [INFO] Donnes rafrachies avec succs
[11:48:11] [INFO] Analyse des signaux de trading en cours...
[11:48:11] [INFO] Prix actuel: $102766.87
[11:48:11] [INFO]  EMA Crossover: Pas de signal clair (EMA9: 102758.94, EMA21: 102738.29)
[11:48:11] [INFO]  RSI: Pas de signal clair (RSI: 50.59)
[11:48:11] [INFO]  MACD: Pas de signal clair (MACD: 7.94, Signal: -8.82)
[11:48:11] [INFO]  Bollinger: Pas de signal clair (Prix entre les bandes)
[11:48:11] [INFO]  Combinaison: Pas de consensus entre les stratgies
[11:48:11] [INFO]  DCISION FINALE: CONSERVER (pas de signal clair)
[11:48:26] [INFO] Donnes rafrachies avec succs
[11:48:26] [INFO] Analyse des signaux de trading en cours...
[11:48:26] [INFO] Prix actuel: $102712.95
[11:48:26] [INFO]  EMA Crossover: Pas de signal clair (EMA9: 102748.15, EMA21: 102733.39)
[11:48:26] [INFO]  RSI: Pas de signal clair (RSI: 45.97)
[11:48:26] [INFO]  MACD: Pas de signal clair (MACD: 3.64, Signal: -9.68)
[11:48:26] [INFO]  Bollinger: Pas de signal clair (Prix entre les bandes)
[11:48:26] [INFO]  Combinaison: Pas de consensus entre les stratgies
[11:48:26] [INFO]  DCISION FINALE: CONSERVER (pas de signal clair)
[11:48:44] [INFO] Donnes rafrachies avec succs
[11:48:44] [INFO] Analyse des signaux de trading en cours...
[11:48:44] [INFO] Prix actuel: $102673.23
[11:48:44] [INFO]  EMA Crossover: Pas de signal clair (EMA9: 102740.21, EMA21: 102729.78)
[11:48:44] [INFO]  RSI: Pas de signal clair (RSI: 43.07)
[11:48:44] [INFO]  MACD: Pas de signal clair (MACD: 0.48, Signal: -10.32)
[11:48:44] [INFO]  Bollinger: Pas de signal clair (Prix entre les bandes)
[11:48:44] [INFO]  Combinaison: Pas de consensus entre les stratgies
[11:48:44] [INFO]  DCISION FINALE: CONSERVER (pas de signal clair)
[11:51:15] [INFO] Donnes rafrachies avec succs
[11:51:15] [INFO] Donnes rafrachies avec succs
[11:51:17] [INFO] Donnes rafrachies avec succs
[11:51:18] [INFO] Donnes rafrachies avec succs
[11:51:18] [INFO] Donnes rafrachies avec succs
[11:51:18] [INFO] Donnes rafrachies avec succs
[11:51:21] [INFO] Bot dmarr
[11:51:21] [INFO] Stratgie active: EMA Crossover
[11:51:21] [INFO] Capital initial: $10000.0
[11:51:21] [INFO] Risque par trade: 1.0%
[11:51:21] [INFO] Take Profit: 2.0%
[11:51:21] [INFO] Stop Loss: 1.0%
[11:51:21] [INFO] Prix actuel: $102584.93
[11:51:21] [INFO]  EMA Crossover: Pas de signal clair (EMA9: 102692.61, EMA21: 102709.09)
[11:51:22] [INFO]  DCISION FINALE: CONSERVER (pas de signal clair)
[11:52:11] [INFO] Bot dmarr
[11:52:11] [INFO] Stratgie active: EMA Crossover
[11:52:11] [INFO] Capital initial: $10000.0
[11:52:11] [INFO] Risque par trade: 1.0%
[11:52:11] [INFO] Take Profit: 2.0%
[11:52:11] [INFO] Stop Loss: 1.0%
[11:52:11] [INFO] Prix actuel: $102584.93
[11:52:11] [INFO]  EMA Crossover: Pas de signal clair (EMA9: 102692.61, EMA21: 102709.09)
[11:52:11] [INFO]  DCISION FINALE: CONSERVER (pas de signal clair)
[11:52:16] [INFO] Bot dmarr
[11:52:16] [INFO] Stratgie active: EMA Crossover
[11:52:16] [INFO] Capital initial: $10000.0
[11:52:16] [INFO] Risque par trade: 1.0%
[11:52:16] [INFO] Take Profit: 2.0%
[11:52:16] [INFO] Stop Loss: 1.0%
[11:52:16] [INFO] Prix actuel: $102584.93
[11:52:16] [INFO]  EMA Crossover: Pas de signal clair (EMA9: 102692.61, EMA21: 102709.09)
[11:52:16] [INFO]  DCISION FINALE: CONSERVER (pas de signal clair)
[11:52:18] [INFO] Bot dmarr
[11:52:18] [INFO] Stratgie active: EMA Crossover
[11:52:18] [INFO] Capital initial: $10000.0
[11:52:18] [INFO] Risque par trade: 1.0%
[11:52:18] [INFO] Take Profit: 2.0%
[11:52:18] [INFO] Stop Loss: 1.0%
[11:52:18] [INFO] Prix actuel: $102584.93
[11:52:18] [INFO]  EMA Crossover: Pas de signal clair (EMA9: 102692.61, EMA21: 102709.09)
[11:52:18] [INFO]  DCISION FINALE: CONSERVER (pas de signal clair)
[11:52:18] [INFO] Donnes rafrachies avec succs
[11:52:18] [INFO] Analyse des signaux de trading en cours...
[11:52:18] [INFO] Prix actuel: $102601.94
[11:52:18] [INFO]  EMA Crossover: Pas de signal clair (EMA9: 102672.72, EMA21: 102698.45)
[11:52:18] [INFO]  DCISION FINALE: CONSERVER (pas de signal clair)
[11:53:21] [INFO] Donnes rafrachies avec succs
[11:53:22] [INFO] Donnes rafrachies avec succs
[11:53:23] [INFO] Donnes rafrachies avec succs
[11:53:23] [INFO] Donnes rafrachies avec succs
[11:53:34] [INFO] Paramtres de trading sauvegards
[11:53:37] [INFO] Bot dmarr
[11:53:37] [INFO] Stratgies actives: EMA Crossover, RSI, MACD, Bollinger Bands, Combinaison
[11:53:37] [INFO]  EMA Crossover: Surveille le croisement de moyennes mobiles exponentielles
[11:53:37] [INFO]  RSI: Surveille les conditions de surachat/survente
[11:53:37] [INFO]  MACD: Surveille les croisements et divergences
[11:53:37] [INFO]  Bollinger Bands: Surveille les dpassements des bandes
[11:53:37] [INFO]  Combinaison: Utilise plusieurs indicateurs pour confirmer les signaux
[11:53:37] [INFO] Capital initial: $10000.0
[11:53:37] [INFO] Risque par trade: 1.0%
[11:53:37] [INFO] Take Profit: 2.0%
[11:53:37] [INFO] Stop Loss: 1.0%
[11:53:37] [INFO] Prix actuel: $102643.93
[11:53:37] [INFO]  EMA Crossover: Pas de signal clair (EMA9: 102677.12, EMA21: 102698.74)
[11:53:37] [INFO]  RSI: Pas de signal clair (RSI: 41.58)
[11:53:37] [INFO]  MACD: Pas de signal clair (MACD: -21.83, Signal: -14.27)
[11:53:37] [INFO]  Bollinger: Pas de signal clair (Prix entre les bandes)
[11:53:37] [INFO]  Combinaison: Pas de consensus entre les stratgies
[11:53:37] [INFO]  DCISION FINALE: CONSERVER (pas de signal clair)
[11:58:17] [INFO] Donnes rafrachies avec succs
[11:58:18] [INFO] Donnes rafrachies avec succs
[11:58:19] [INFO] Donnes rafrachies avec succs
[11:58:19] [INFO] Donnes rafrachies avec succs
[11:58:30] [INFO] Paramtres de trading sauvegards
[11:58:39] [INFO] Bot dmarr
[11:58:39] [INFO] Stratgies actives: EMA Crossover, RSI, MACD, Bollinger Bands, Combinaison
[11:58:39] [INFO]  EMA Crossover: Surveille le croisement de moyennes mobiles exponentielles
[11:58:39] [INFO]  RSI: Surveille les conditions de surachat/survente
[11:58:39] [INFO]  MACD: Surveille les croisements et divergences
[11:58:39] [INFO]  Bollinger Bands: Surveille les dpassements des bandes
[11:58:39] [INFO]  Combinaison: Utilise plusieurs indicateurs pour confirmer les signaux
[11:58:39] [INFO] Capital initial: $10000.0
[11:58:39] [INFO] Risque par trade: 1.0%
[11:58:39] [INFO] Take Profit: 2.0%
[11:58:39] [INFO] Stop Loss: 1.0%
[11:58:39] [INFO] Prix actuel: $102867.86
[11:58:39] [INFO]  EMA Crossover: Pas de signal clair (EMA9: 102775.80, EMA21: 102741.72)
[11:58:39] [INFO]  RSI: Pas de signal clair (RSI: 58.87)
[11:58:39] [INFO]  MACD: Pas de signal clair (MACD: 20.87, Signal: -1.97)
[11:58:39] [INFO]  Bollinger: Pas de signal clair (Prix entre les bandes)
[11:58:39] [INFO]  Combinaison: Pas de consensus entre les stratgies
[11:58:39] [INFO]  DCISION FINALE: CONSERVER (pas de signal clair)
[12:00:00] [INFO] Donnes rafrachies avec succs
[12:00:01] [INFO] Donnes rafrachies avec succs
[12:00:14] [INFO] Paramtres de trading sauvegards
[12:00:22] [INFO] Bot dmarr
[12:00:22] [INFO] Stratgies actives: EMA Crossover, RSI, Bollinger Bands, MACD, Combinaison
[12:00:22] [INFO]  EMA Crossover: Surveille le croisement de moyennes mobiles exponentielles
[12:00:22] [INFO]  RSI: Surveille les conditions de surachat/survente
[12:00:22] [INFO]  Bollinger Bands: Surveille les dpassements des bandes
[12:00:22] [INFO]  MACD: Surveille les croisements et divergences
[12:00:22] [INFO]  Combinaison: Utilise plusieurs indicateurs pour confirmer les signaux
[12:00:22] [INFO] Capital initial: $10000.0
[12:00:22] [INFO] Risque par trade: 1.0%
[12:00:22] [INFO] Take Profit: 2.0%
[12:00:22] [INFO] Stop Loss: 1.0%
[12:00:22] [INFO] Prix actuel: $102879.59
[12:00:22] [INFO]  EMA Crossover: Pas de signal clair (EMA9: 102814.32, EMA21: 102766.35)
[12:00:22] [INFO]  RSI: Pas de signal clair (RSI: 55.57)
[12:00:22] [INFO]  Bollinger: Pas de signal clair (Prix entre les bandes)
[12:00:22] [INFO]  MACD: Pas de signal clair (MACD: 35.09, Signal: 10.56)
[12:00:22] [INFO]  Combinaison: Pas de consensus entre les stratgies
[12:00:22] [INFO]  DCISION FINALE: CONSERVER (pas de signal clair)
[12:01:31] [INFO] Donnes rafrachies avec succs
[12:01:42] [INFO] Paramtres de trading sauvegards
[12:01:43] [INFO] Paramtres de trading sauvegards
[12:01:46] [INFO] Bot dmarr
[12:01:46] [INFO] Stratgies actives: EMA Crossover, RSI, MACD, Bollinger Bands, Combinaison
[12:01:46] [INFO]  EMA Crossover: Surveille le croisement de moyennes mobiles exponentielles
[12:01:46] [INFO]  RSI: Surveille les conditions de surachat/survente
[12:01:46] [INFO]  MACD: Surveille les croisements et divergences
[12:01:46] [INFO]  Bollinger Bands: Surveille les dpassements des bandes
[12:01:46] [INFO]  Combinaison: Utilise plusieurs indicateurs pour confirmer les signaux
[12:01:46] [INFO] Capital initial: $10000.0
[12:01:46] [INFO] Risque par trade: 1.0%
[12:01:46] [INFO] Take Profit: 2.0%
[12:01:46] [INFO] Stop Loss: 1.0%
[12:01:46] [INFO] Prix actuel: $102761.70
[12:01:46] [INFO]  EMA Crossover: Pas de signal clair (EMA9: 102796.48, EMA21: 102762.15)
[12:01:46] [INFO]  RSI: Pas de signal clair (RSI: 47.64)
[12:01:46] [INFO]  MACD: Pas de signal clair (MACD: 26.96, Signal: 13.26)
[12:01:46] [INFO]  Bollinger: Pas de signal clair (Prix entre les bandes)
[12:01:46] [INFO]  Combinaison: Pas de consensus entre les stratgies
[12:01:46] [INFO]  DCISION FINALE: CONSERVER (pas de signal clair)
[13:06:39] [INFO] Donnes rafrachies avec succs
[13:06:54] [INFO] Paramtres de trading sauvegards
[13:06:59] [INFO] Bot dmarr
[13:06:59] [INFO] Stratgies actives: EMA Crossover, RSI, MACD, Combinaison, Bollinger Bands
[13:06:59] [INFO]  EMA Crossover: Surveille le croisement de moyennes mobiles exponentielles
[13:06:59] [INFO]  RSI: Surveille les conditions de surachat/survente
[13:06:59] [INFO]  MACD: Surveille les croisements et divergences
[13:06:59] [INFO]  Combinaison: Utilise plusieurs indicateurs pour confirmer les signaux
[13:06:59] [INFO]  Bollinger Bands: Surveille les dpassements des bandes
[13:06:59] [INFO] Capital initial: $10000.0
[13:06:59] [INFO] Risque par trade: 1.0%
[13:06:59] [INFO] Take Profit: 2.0%
[13:06:59] [INFO] Stop Loss: 1.0%
[13:06:59] [INFO] Prix actuel: $103129.74
[13:06:59] [INFO]  EMA Crossover: Pas de signal clair (EMA9: 103168.86, EMA21: 103199.50)
[13:06:59] [INFO]  RSI: Pas de signal clair (RSI: 32.59)
[13:06:59] [INFO]  MACD: Pas de signal clair (MACD: -6.44, Signal: 29.93)
[13:06:59] [INFO]  Bollinger: Pas de signal clair (Prix entre les bandes)
[13:06:59] [INFO]  Combinaison: Pas de consensus entre les stratgies
[13:06:59] [INFO]  DCISION FINALE: CONSERVER (pas de signal clair)
[13:07:05] [INFO] Bot dmarr
[13:07:05] [INFO] Stratgies actives: EMA Crossover, RSI, MACD, Combinaison, Bollinger Bands
[13:07:05] [INFO]  EMA Crossover: Surveille le croisement de moyennes mobiles exponentielles
[13:07:05] [INFO]  RSI: Surveille les conditions de surachat/survente
[13:07:05] [INFO]  MACD: Surveille les croisements et divergences
[13:07:05] [INFO]  Combinaison: Utilise plusieurs indicateurs pour confirmer les signaux
[13:07:05] [INFO]  Bollinger Bands: Surveille les dpassements des bandes
[13:07:05] [INFO] Capital initial: $10000.0
[13:07:05] [INFO] Risque par trade: 1.0%
[13:07:05] [INFO] Take Profit: 2.0%
[13:07:05] [INFO] Stop Loss: 1.0%
[13:07:05] [INFO] Prix actuel: $103129.74
[13:07:05] [INFO]  EMA Crossover: Pas de signal clair (EMA9: 103168.86, EMA21: 103199.50)
[13:07:05] [INFO]  RSI: Pas de signal clair (RSI: 32.59)
[13:07:05] [INFO]  MACD: Pas de signal clair (MACD: -6.44, Signal: 29.93)
[13:07:05] [INFO]  Bollinger: Pas de signal clair (Prix entre les bandes)
[13:07:05] [INFO]  Combinaison: Pas de consensus entre les stratgies
[13:07:05] [INFO]  DCISION FINALE: CONSERVER (pas de signal clair)
[13:08:15] [INFO] Donnes rafrachies avec succs
[13:08:28] [INFO] Paramtres de trading sauvegards
[13:08:32] [INFO] Bot dmarr
[13:08:32] [INFO] Stratgies actives: EMA Crossover, RSI, Bollinger Bands, MACD, Combinaison
[13:08:32] [INFO]  EMA Crossover: Surveille le croisement de moyennes mobiles exponentielles
[13:08:32] [INFO]  RSI: Surveille les conditions de surachat/survente
[13:08:32] [INFO]  Bollinger Bands: Surveille les dpassements des bandes
[13:08:32] [INFO]  MACD: Surveille les croisements et divergences
[13:08:32] [INFO]  Combinaison: Utilise plusieurs indicateurs pour confirmer les signaux
[13:08:32] [INFO] Capital initial: $10000.0
[13:08:32] [INFO] Risque par trade: 1.0%
[13:08:32] [INFO] Take Profit: 2.0%
[13:08:32] [INFO] Stop Loss: 1.0%
[13:08:32] [INFO] Prix actuel: $103218.24
[13:08:32] [INFO]  EMA Crossover: Pas de signal clair (EMA9: 103188.24, EMA21: 103203.96)
[13:08:32] [INFO]  RSI: Pas de signal clair (RSI: 41.52)
[13:08:32] [INFO]  Bollinger: Pas de signal clair (Prix entre les bandes)
[13:08:32] [INFO]  MACD: Pas de signal clair (MACD: -0.57, Signal: 19.03)
[13:08:32] [INFO]  Combinaison: Pas de consensus entre les stratgies
[13:08:32] [INFO]  DCISION FINALE: CONSERVER (pas de signal clair)
[13:13:10] [INFO] Paramtres de trading sauvegards
[13:13:12] [INFO] Bot dmarr
[13:13:12] [INFO] Stratgies actives: EMA Crossover, MACD, RSI, Bollinger Bands, Combinaison
[13:13:12] [INFO]  EMA Crossover: Surveille le croisement de moyennes mobiles exponentielles
[13:13:12] [INFO]  MACD: Surveille les croisements et divergences
[13:13:12] [INFO]  RSI: Surveille les conditions de surachat/survente
[13:13:12] [INFO]  Bollinger Bands: Surveille les dpassements des bandes
[13:13:12] [INFO]  Combinaison: Utilise plusieurs indicateurs pour confirmer les signaux
[13:13:12] [INFO] Capital initial: $10000.0
[13:13:12] [INFO] Risque par trade: 1.0%
[13:13:12] [INFO] Take Profit: 2.0%
[13:13:12] [INFO] Stop Loss: 1.0%
[13:13:12] [INFO] Prix actuel: $103173.21
[13:13:12] [INFO]  EMA Crossover: Pas de signal clair (EMA9: 103184.98, EMA21: 103194.94)
[13:13:12] [INFO]  MACD: Pas de signal clair (MACD: -2.81, Signal: 4.25)
[13:13:12] [INFO]  RSI: Pas de signal clair (RSI: 39.08)
[13:13:12] [INFO]  Bollinger: Pas de signal clair (Prix entre les bandes)
[13:13:12] [INFO]  Combinaison: Pas de consensus entre les stratgies
[13:13:12] [INFO]  DCISION FINALE: CONSERVER (pas de signal clair)
[13:16:21] [INFO] Bot dmarr
[13:16:21] [INFO] Stratgie active: EMA Crossover
[13:16:21] [INFO] Capital initial: $10000.0
[13:16:21] [INFO] Risque par trade: 1.0%
[13:16:21] [INFO] Take Profit: 2.0%
[13:16:21] [INFO] Stop Loss: 1.0%
[13:16:21] [INFO] Prix actuel: $103199.22
[13:16:21] [INFO]  EMA Crossover: Pas de signal clair (EMA9: 103183.95, EMA21: 103190.49)
[13:16:21] [INFO]  DCISION FINALE: CONSERVER (pas de signal clair)
[13:22:33] [INFO] Bot dmarr
[13:22:33] [INFO] Stratgie active: EMA Crossover
[13:22:33] [INFO] Capital initial: $10000.0
[13:22:33] [INFO] Risque par trade: 1.0%
[13:22:33] [INFO] Take Profit: 2.0%
[13:22:33] [INFO] Stop Loss: 1.0%
[13:22:33] [INFO] Prix actuel: $103229.68
[13:22:33] [INFO]  EMA Crossover: Pas de signal clair (EMA9: 103238.54, EMA21: 103221.71)
[13:22:33] [INFO]  DCISION FINALE: CONSERVER (pas de signal clair)
[13:22:40] [INFO] Prix actuel: $103261.88
[13:22:40] [INFO]  EMA Crossover: Pas de signal clair (EMA9: 103244.98, EMA21: 103224.64)
[13:22:40] [INFO]  DCISION FINALE: CONSERVER (pas de signal clair)
[13:23:17] [INFO] Paramtres de trading sauvegards
[13:23:40] [INFO] Prix actuel: $103358.13
[13:23:40] [INFO]  EMA Crossover: Pas de signal clair (EMA9: 103267.34, EMA21: 103236.64)
[13:23:40] [INFO]  MACD: Pas de signal clair (MACD: 27.10, Signal: 14.53)
[13:23:40] [INFO]  RSI: Signal de VENTE dtect! RSI en surachat  73.04
[13:23:40] [INFO]  Bollinger: Signal de VENTE dtect! Prix (103358.13) au-dessus de la bande suprieure (103351.69)
[13:23:40] [INFO]  Combinaison: Pas de consensus entre les stratgies
[13:23:40] [INFO]  DCISION FINALE: CONSERVER (pas de signal clair)
[13:24:18] [INFO] Prix actuel: $103356.66
[13:24:18] [INFO]  EMA Crossover: Pas de signal clair (EMA9: 103285.45, EMA21: 103247.68)
[13:24:18] [INFO]  MACD: Pas de signal clair (MACD: 33.23, Signal: 18.29)
[13:24:18] [INFO]  RSI: Pas de signal clair (RSI: 65.69)
[13:24:18] [INFO]  Bollinger: Pas de signal clair (Prix entre les bandes)
[13:24:18] [INFO]  Combinaison: Pas de consensus entre les stratgies
[13:24:18] [INFO]  DCISION FINALE: CONSERVER (pas de signal clair)
[13:28:32] [INFO] Prix actuel: $102671.95
[13:28:32] [INFO]  EMA Crossover: Pas de signal clair (EMA9: 103074.82, EMA21: 103157.79)
[13:28:32] [INFO]  MACD: Pas de signal clair (MACD: -55.11, Signal: 0.43)
[13:28:32] [INFO]  RSI: Signal d'ACHAT dtect! RSI en survente  23.52
[13:28:32] [INFO]  Bollinger: Signal d'ACHAT dtect! Prix (102671.95) sous la bande infrieure (102858.36)
[13:28:32] [INFO]  Combinaison: Pas de consensus entre les stratgies
[13:28:32] [INFO]  DCISION FINALE: CONSERVER (pas de signal clair)
[13:29:17] [INFO] Paramtres de trading sauvegards
[13:29:47] [INFO] Prix actuel: $102950.38
[13:29:47] [INFO]  EMA Crossover: Pas de signal clair (EMA9: 103069.11, EMA21: 103148.84)
[13:29:47] [INFO]  RSI: Pas de signal clair (RSI: 37.84)
[13:29:47] [INFO]  MACD: Pas de signal clair (MACD: -56.53, Signal: -9.43)
[13:29:47] [INFO]  Bollinger: Pas de signal clair (Prix entre les bandes)
[13:29:47] [INFO]  Combinaison: Pas de consensus entre les stratgies
[13:29:47] [INFO]  DCISION FINALE: CONSERVER (pas de signal clair)
[13:32:30] [INFO] Paramtres de trading sauvegards
[13:32:35] [INFO] Paramtres de trading sauvegards
[13:32:40] [INFO] Bot dmarr
[13:32:40] [INFO] Stratgies actives: EMA Crossover, RSI, MACD, Bollinger Bands, Combinaison
[13:32:40] [INFO]  EMA Crossover: Surveille le croisement de moyennes mobiles exponentielles
[13:32:40] [INFO]  RSI: Surveille les conditions de surachat/survente
[13:32:40] [INFO]  MACD: Surveille les croisements et divergences
[13:32:40] [INFO]  Bollinger Bands: Surveille les dpassements des bandes
[13:32:40] [INFO]  Combinaison: Utilise plusieurs indicateurs pour confirmer les signaux
[13:32:40] [INFO] Capital initial: $10000.0
[13:32:40] [INFO] Risque par trade: 5.0%
[13:32:40] [INFO] Take Profit: 2.0%
[13:32:40] [INFO] Stop Loss: 1.0%
[13:32:40] [INFO] Prix actuel: $102886.04
[13:32:40] [INFO]  EMA Crossover: Pas de signal clair (EMA9: 103027.92, EMA21: 103110.00)
[13:32:40] [INFO]  RSI: Pas de signal clair (RSI: 33.97)
[13:32:40] [INFO]  MACD: Pas de signal clair (MACD: -67.57, Signal: -34.33)
[13:32:40] [INFO]  Bollinger: Pas de signal clair (Prix entre les bandes)
[13:32:40] [INFO]  Combinaison: Pas de consensus entre les stratgies
[13:32:40] [INFO]  DCISION FINALE: CONSERVER (pas de signal clair)
[13:35:51] [INFO] Paramtres de trading sauvegards
[13:35:55] [INFO] Bot dmarr
[13:35:55] [INFO] Stratgies actives: EMA Crossover, RSI, MACD, Bollinger Bands, Combinaison
[13:35:55] [INFO]  EMA Crossover: Surveille le croisement de moyennes mobiles exponentielles
[13:35:55] [INFO]  RSI: Surveille les conditions de surachat/survente
[13:35:55] [INFO]  MACD: Surveille les croisements et divergences
[13:35:55] [INFO]  Bollinger Bands: Surveille les dpassements des bandes
[13:35:55] [INFO]  Combinaison: Utilise plusieurs indicateurs pour confirmer les signaux
[13:35:55] [INFO] Capital initial: $10000.0
[13:35:55] [INFO] Risque par trade: 1.0%
[13:35:55] [INFO] Take Profit: 2.0%
[13:35:55] [INFO] Stop Loss: 1.0%
[13:37:25] [INFO] Paramtres de trading sauvegards
[13:37:30] [INFO] Bot dmarr
[13:37:30] [INFO] Stratgies actives: EMA Crossover, RSI, MACD, Bollinger Bands, Combinaison
[13:37:30] [INFO]  EMA Crossover: Surveille le croisement de moyennes mobiles exponentielles
[13:37:30] [INFO]  RSI: Surveille les conditions de surachat/survente
[13:37:30] [INFO]  MACD: Surveille les croisements et divergences
[13:37:30] [INFO]  Bollinger Bands: Surveille les dpassements des bandes
[13:37:30] [INFO]  Combinaison: Utilise plusieurs indicateurs pour confirmer les signaux
[13:37:30] [INFO] Capital initial: $10000.0
[13:37:30] [INFO] Risque par trade: 1.0%
[13:37:30] [INFO] Take Profit: 2.0%
[13:37:30] [INFO] Stop Loss: 1.0%
[13:37:30] [INFO] Erreur lors de la gnration des signaux: 'strategies'
[13:38:05] [INFO] Paramtres de trading sauvegards
[13:38:07] [INFO] Bot dmarr
[13:38:07] [INFO] Stratgies actives: EMA Crossover, RSI, MACD, Bollinger Bands, Combinaison
[13:38:07] [INFO]  EMA Crossover: Surveille le croisement de moyennes mobiles exponentielles
[13:38:07] [INFO]  RSI: Surveille les conditions de surachat/survente
[13:38:07] [INFO]  MACD: Surveille les croisements et divergences
[13:38:07] [INFO]  Bollinger Bands: Surveille les dpassements des bandes
[13:38:07] [INFO]  Combinaison: Utilise plusieurs indicateurs pour confirmer les signaux
[13:38:07] [INFO] Capital initial: $10000.0
[13:38:07] [INFO] Risque par trade: 1.0%
[13:38:07] [INFO] Take Profit: 2.0%
[13:38:07] [INFO] Stop Loss: 1.0%
[13:38:07] [INFO] Erreur lors de la gnration des signaux: 'strategies'
[13:38:29] [INFO] Bot arrt
[13:39:46] [INFO] Bot dmarr
[13:39:46] [INFO] Stratgies actives: EMA Crossover, RSI, MACD, Bollinger Bands, Combinaison
[13:39:46] [INFO]  EMA Crossover: Surveille le croisement de moyennes mobiles exponentielles
[13:39:46] [INFO]  RSI: Surveille les conditions de surachat/survente
[13:39:46] [INFO]  MACD: Surveille les croisements et divergences
[13:39:46] [INFO]  Bollinger Bands: Surveille les dpassements des bandes
[13:39:46] [INFO]  Combinaison: Utilise plusieurs indicateurs pour confirmer les signaux
[13:39:46] [INFO] Capital initial: $10000.0
[13:39:46] [INFO] Risque par trade: 1.0%
[13:39:46] [INFO] Take Profit: 2.0%
[13:39:46] [INFO] Stop Loss: 1.0%
[13:39:46] [INFO] Erreur lors de la gnration des signaux: 'DashboardService' object has no attribute '_check_ema_crossover'
[13:44:14] [INFO] Bot dmarr
[13:44:14] [INFO] Stratgies actives: EMA Crossover, RSI, MACD, Bollinger Bands, Combinaison
[13:44:14] [INFO]  EMA Crossover: Surveille le croisement de moyennes mobiles exponentielles
[13:44:14] [INFO]  RSI: Surveille les conditions de surachat/survente
[13:44:14] [INFO]  MACD: Surveille les croisements et divergences
[13:44:14] [INFO]  Bollinger Bands: Surveille les dpassements des bandes
[13:44:14] [INFO]  Combinaison: Utilise plusieurs indicateurs pour confirmer les signaux
[13:44:14] [INFO] Capital initial: $10000.0
[13:44:14] [INFO] Risque par trade: 1.0%
[13:44:14] [INFO] Take Profit: 2.0%
[13:44:14] [INFO] Stop Loss: 1.0%
[13:44:14] [INFO] Signal gnr: EMA Crossover
[13:45:38] [INFO] Bot dmarr
[13:45:38] [INFO] Stratgies actives: EMA Crossover, RSI, MACD, Bollinger Bands, Combinaison
[13:45:38] [INFO]  EMA Crossover: Surveille le croisement de moyennes mobiles exponentielles
[13:45:38] [INFO]  RSI: Surveille les conditions de surachat/survente
[13:45:38] [INFO]  MACD: Surveille les croisements et divergences
[13:45:38] [INFO]  Bollinger Bands: Surveille les dpassements des bandes
[13:45:38] [INFO]  Combinaison: Utilise plusieurs indicateurs pour confirmer les signaux
[13:45:38] [INFO] Capital initial: $10000.0
[13:45:38] [INFO] Risque par trade: 1.0%
[13:45:38] [INFO] Take Profit: 2.0%
[13:45:38] [INFO] Stop Loss: 1.0%
[13:45:38] [INFO] Signal gnr: EMA Crossover
[13:46:52] [INFO] Bot dmarr
[13:46:52] [INFO] Stratgies actives: EMA Crossover, RSI, MACD, Bollinger Bands, Combinaison
[13:46:52] [INFO]  EMA Crossover: Surveille le croisement de moyennes mobiles exponentielles
[13:46:52] [INFO]  RSI: Surveille les conditions de surachat/survente
[13:46:52] [INFO]  MACD: Surveille les croisements et divergences
[13:46:52] [INFO]  Bollinger Bands: Surveille les dpassements des bandes
[13:46:52] [INFO]  Combinaison: Utilise plusieurs indicateurs pour confirmer les signaux
[13:46:52] [INFO] Capital initial: $10000.0
[13:46:52] [INFO] Risque par trade: 1.0%
[13:46:52] [INFO] Take Profit: 2.0%
[13:46:52] [INFO] Stop Loss: 1.0%
[13:46:52] [INFO] Signal gnr: RSI
[13:48:14] [INFO] Bot dmarr
[13:48:14] [INFO] Stratgies actives: EMA Crossover, RSI, MACD, Bollinger Bands, Combinaison
[13:48:14] [INFO]  EMA Crossover: Surveille le croisement de moyennes mobiles exponentielles
[13:48:14] [INFO]  RSI: Surveille les conditions de surachat/survente
[13:48:14] [INFO]  MACD: Surveille les croisements et divergences
[13:48:14] [INFO]  Bollinger Bands: Surveille les dpassements des bandes
[13:48:14] [INFO]  Combinaison: Utilise plusieurs indicateurs pour confirmer les signaux
[13:48:14] [INFO] Capital initial: $10000.0
[13:48:14] [INFO] Risque par trade: 1.0%
[13:48:14] [INFO] Take Profit: 2.0%
[13:48:14] [INFO] Stop Loss: 1.0%
[13:48:14] [INFO] Signal gnr: EMA Crossover
[13:49:11] [INFO] Bot dmarr
[13:49:11] [INFO] Stratgies actives: EMA Crossover, RSI, MACD, Bollinger Bands, Combinaison
[13:49:11] [INFO]  EMA Crossover: Surveille le croisement de moyennes mobiles exponentielles
[13:49:11] [INFO]  RSI: Surveille les conditions de surachat/survente
[13:49:11] [INFO]  MACD: Surveille les croisements et divergences
[13:49:11] [INFO]  Bollinger Bands: Surveille les dpassements des bandes
[13:49:11] [INFO]  Combinaison: Utilise plusieurs indicateurs pour confirmer les signaux
[13:49:11] [INFO] Capital initial: $10000.0
[13:49:11] [INFO] Risque par trade: 1.0%
[13:49:11] [INFO] Take Profit: 2.0%
[13:49:11] [INFO] Stop Loss: 1.0%
[13:49:11] [INFO] Signal gnr: EMA Crossover
[13:50:14] [INFO] Bot dmarr
[13:50:14] [INFO] Stratgies actives: EMA Crossover, RSI, MACD, Bollinger Bands, Combinaison
[13:50:14] [INFO]  EMA Crossover: Surveille le croisement de moyennes mobiles exponentielles
[13:50:14] [INFO]  RSI: Surveille les conditions de surachat/survente
[13:50:14] [INFO]  MACD: Surveille les croisements et divergences
[13:50:14] [INFO]  Bollinger Bands: Surveille les dpassements des bandes
[13:50:14] [INFO]  Combinaison: Utilise plusieurs indicateurs pour confirmer les signaux
[13:50:14] [INFO] Capital initial: $10000.0
[13:50:14] [INFO] Risque par trade: 1.0%
[13:50:14] [INFO] Take Profit: 2.0%
[13:50:14] [INFO] Stop Loss: 1.0%
[13:50:14] [INFO] Signal gnr: EMA Crossover
[16:36:36] [INFO] Paramtres de trading sauvegards
[16:36:39] [INFO] Bot dmarr
[16:36:39] [INFO] Stratgies actives: EMA Crossover, RSI, MACD, Bollinger Bands, Combinaison
[16:36:39] [INFO]  EMA Crossover: Surveille le croisement de moyennes mobiles exponentielles
[16:36:39] [INFO]  RSI: Surveille les conditions de surachat/survente
[16:36:39] [INFO]  MACD: Surveille les croisements et divergences
[16:36:39] [INFO]  Bollinger Bands: Surveille les dpassements des bandes
[16:36:39] [INFO]  Combinaison: Utilise plusieurs indicateurs pour confirmer les signaux
[16:36:39] [INFO] Capital initial: $10000.0
[16:36:39] [INFO] Risque par trade: 1.0%
[16:36:39] [INFO] Take Profit: 2.0%
[16:36:39] [INFO] Stop Loss: 1.0%
[16:36:39] [INFO] Signal gnr: EMA Crossover
[18:37:58] [INFO] Bot dmarr
[18:37:58] [INFO] Stratgies actives: EMA Crossover
[18:37:58] [INFO]  EMA Crossover: Surveille le croisement de moyennes mobiles exponentielles
[18:37:58] [INFO] Capital initial: $10000.0
[18:37:58] [INFO] Risque par trade: 1.0%
[18:37:58] [INFO] Take Profit: 2.0%
[18:37:58] [INFO] Stop Loss: 1.0%
[18:37:58] [INFO] Signal gnr: EMA Crossover
[18:38:05] [INFO] Paramtres de trading sauvegards
[18:38:12] [INFO] Bot dmarr
[18:38:12] [INFO] Stratgies actives: EMA Crossover, RSI, MACD, Bollinger Bands, Combinaison
[18:38:12] [INFO]  EMA Crossover: Surveille le croisement de moyennes mobiles exponentielles
[18:38:12] [INFO]  RSI: Surveille les conditions de surachat/survente
[18:38:12] [INFO]  MACD: Surveille les croisements et divergences
[18:38:12] [INFO]  Bollinger Bands: Surveille les dpassements des bandes
[18:38:12] [INFO]  Combinaison: Utilise plusieurs indicateurs pour confirmer les signaux
[18:38:12] [INFO] Capital initial: $10000.0
[18:38:12] [INFO] Risque par trade: 1.0%
[18:38:12] [INFO] Take Profit: 2.0%
[18:38:12] [INFO] Stop Loss: 1.0%
[18:38:12] [INFO] Signal gnr: EMA Crossover
[18:54:40] [INFO] Paramtres de trading sauvegards
[18:54:44] [INFO] Bot dmarr
[18:54:44] [INFO] Stratgies actives: EMA Crossover, RSI, MACD, Bollinger Bands, Combinaison
[18:54:44] [INFO]  EMA Crossover: Surveille le croisement de moyennes mobiles exponentielles
[18:54:44] [INFO]  RSI: Surveille les conditions de surachat/survente
[18:54:44] [INFO]  MACD: Surveille les croisements et divergences
[18:54:44] [INFO]  Bollinger Bands: Surveille les dpassements des bandes
[18:54:44] [INFO]  Combinaison: Utilise plusieurs indicateurs pour confirmer les signaux
[18:54:44] [INFO] Capital initial: $10000.0
[18:54:44] [INFO] Risque par trade: 1.0%
[18:54:44] [INFO] Take Profit: 2.0%
[18:54:44] [INFO] Stop Loss: 1.0%
[18:54:44] [INFO] Signal gnr: EMA Crossover
[19:02:00] [INFO] Bot dmarr
[19:02:00] [INFO] Stratgies actives: EMA Crossover
[19:02:00] [INFO]  EMA Crossover: Surveille le croisement de moyennes mobiles exponentielles
[19:02:00] [INFO] Capital initial: $10000.0
[19:02:00] [INFO] Risque par trade: 1.0%
[19:02:00] [INFO] Take Profit: 2.0%
[19:02:00] [INFO] Stop Loss: 1.0%
[19:02:00] [INFO] Signal gnr: EMA Crossover
[19:25:58] [INFO] Bot dmarr
[19:25:58] [INFO] Stratgies actives: EMA Crossover
[19:25:58] [INFO]  EMA Crossover: Surveille le croisement de moyennes mobiles exponentielles
[19:25:58] [INFO] Capital initial: $10000.0
[19:25:58] [INFO] Risque par trade: 1.0%
[19:25:58] [INFO] Take Profit: 2.0%
[19:25:58] [INFO] Stop Loss: 1.0%
[19:25:58] [INFO] Signal gnr: EMA Crossover
[19:31:58] [INFO] Bot dmarr
[19:31:58] [INFO] Stratgies actives: EMA Crossover
[19:31:58] [INFO]  EMA Crossover: Surveille le croisement de moyennes mobiles exponentielles
[19:31:58] [INFO] Capital initial: $10000.0
[19:31:58] [INFO] Risque par trade: 1.0%
[19:31:58] [INFO] Take Profit: 2.0%
[19:31:58] [INFO] Stop Loss: 1.0%
[19:31:58] [INFO] Signal gnr: EMA Crossover
[19:46:26] [INFO] Paramtres de trading sauvegards
[19:46:28] [INFO] Bot dmarr
[19:46:28] [INFO] Stratgies actives: EMA Crossover, RSI, MACD, Bollinger Bands, Combinaison
[19:46:28] [INFO]  EMA Crossover: Surveille le croisement de moyennes mobiles exponentielles
[19:46:28] [INFO]  RSI: Surveille les conditions de surachat/survente
[19:46:28] [INFO]  MACD: Surveille les croisements et divergences
[19:46:28] [INFO]  Bollinger Bands: Surveille les dpassements des bandes
[19:46:28] [INFO]  Combinaison: Utilise plusieurs indicateurs pour confirmer les signaux
[19:46:28] [INFO] Capital initial: $10000.0
[19:46:28] [INFO] Risque par trade: 1.0%
[19:46:28] [INFO] Take Profit: 2.0%
[19:46:28] [INFO] Stop Loss: 1.0%
[19:46:28] [INFO] Signal gnr: EMA Crossover
[19:50:15] [INFO] Paramtres de trading sauvegards
[19:50:19] [INFO] Bot dmarr
[19:50:19] [INFO] Stratgies actives: EMA Crossover, RSI, MACD, Bollinger Bands, Combinaison
[19:50:19] [INFO]  EMA Crossover: Surveille le croisement de moyennes mobiles exponentielles
[19:50:19] [INFO]  RSI: Surveille les conditions de surachat/survente
[19:50:19] [INFO]  MACD: Surveille les croisements et divergences
[19:50:19] [INFO]  Bollinger Bands: Surveille les dpassements des bandes
[19:50:19] [INFO]  Combinaison: Utilise plusieurs indicateurs pour confirmer les signaux
[19:50:19] [INFO] Capital initial: $10000.0
[19:50:19] [INFO] Risque par trade: 1.0%
[19:50:19] [INFO] Take Profit: 2.0%
[19:50:19] [INFO] Stop Loss: 1.0%
[19:50:19] [INFO] Signal gnr: EMA Crossover
[19:50:44] [INFO] Paramtres de trading sauvegards
[19:51:32] [INFO] Bot arrt
[19:56:37] [INFO] Bot dmarr
[19:56:37] [INFO] Stratgies actives: EMA Crossover
[19:56:37] [INFO]  EMA Crossover: Surveille le croisement de moyennes mobiles exponentielles
[19:56:37] [INFO] Capital initial: $10000.0
[19:56:37] [INFO] Risque par trade: 1.0%
[19:56:37] [INFO] Take Profit: 2.0%
[19:56:37] [INFO] Stop Loss: 1.0%
[19:56:37] [INFO] Signal gnr: EMA Crossover
[22:55:50] [INFO] Paramtres de trading sauvegards
[23:20:54] [INFO] Paramtres de trading sauvegards
[23:21:02] [INFO] Bot dmarr
[23:21:02] [INFO] Stratgies actives: EMA Crossover, RSI, MACD, Bollinger Bands, Combinaison
[23:21:02] [INFO]  EMA Crossover: Surveille le croisement de moyennes mobiles exponentielles
[23:21:02] [INFO]  RSI: Surveille les conditions de surachat/survente
[23:21:02] [INFO]  MACD: Surveille les croisements et divergences
[23:21:02] [INFO]  Bollinger Bands: Surveille les dpassements des bandes
[23:21:02] [INFO]  Combinaison: Utilise plusieurs indicateurs pour confirmer les signaux
[23:21:02] [INFO] Capital initial: $10000.0
[23:21:02] [INFO] Risque par trade: 1.0%
[23:21:02] [INFO] Take Profit: 2.0%
[23:21:02] [INFO] Stop Loss: 1.0%
[23:21:02] [INFO] Signal gnr: EMA Crossover
[23:21:46] [INFO] Paramtres de trading sauvegards
[23:21:50] [INFO] Bot dmarr
[23:21:50] [INFO] Stratgies actives: EMA Crossover, RSI, MACD, Bollinger Bands, Combinaison
[23:21:50] [INFO]  EMA Crossover: Surveille le croisement de moyennes mobiles exponentielles
[23:21:50] [INFO]  RSI: Surveille les conditions de surachat/survente
[23:21:50] [INFO]  MACD: Surveille les croisements et divergences
[23:21:50] [INFO]  Bollinger Bands: Surveille les dpassements des bandes
[23:21:50] [INFO]  Combinaison: Utilise plusieurs indicateurs pour confirmer les signaux
[23:21:50] [INFO] Capital initial: $10000.0
[23:21:50] [INFO] Risque par trade: 1.0%
[23:21:50] [INFO] Take Profit: 2.0%
[23:21:50] [INFO] Stop Loss: 1.0%
[23:21:50] [INFO] Signal gnr: EMA Crossover
[23:22:57] [INFO] Paramtres de trading sauvegards
[23:23:06] [INFO] Bot dmarr
[23:23:06] [INFO] Stratgies actives: EMA Crossover, RSI, MACD, Combinaison, Bollinger Bands
[23:23:06] [INFO]  EMA Crossover: Surveille le croisement de moyennes mobiles exponentielles
[23:23:06] [INFO]  RSI: Surveille les conditions de surachat/survente
[23:23:06] [INFO]  MACD: Surveille les croisements et divergences
[23:23:06] [INFO]  Combinaison: Utilise plusieurs indicateurs pour confirmer les signaux
[23:23:06] [INFO]  Bollinger Bands: Surveille les dpassements des bandes
[23:23:06] [INFO] Capital initial: $10000.0
[23:23:06] [INFO] Risque par trade: 1.0%
[23:23:06] [INFO] Take Profit: 2.0%
[23:23:06] [INFO] Stop Loss: 1.0%
[23:23:06] [INFO] Signal gnr: EMA Crossover
[23:26:32] [INFO] Bot dmarr
[23:26:32] [INFO] Stratgies actives: EMA Crossover
[23:26:32] [INFO]  EMA Crossover: Surveille le croisement de moyennes mobiles exponentielles
[23:26:32] [INFO] Capital initial: $10000.0
[23:26:32] [INFO] Risque par trade: 1.0%
[23:26:32] [INFO] Take Profit: 2.0%
[23:26:32] [INFO] Stop Loss: 1.0%
[23:26:32] [INFO] Signal gnr: EMA Crossover
[23:28:51] [INFO] Bot dmarr
[23:28:51] [INFO] Stratgies actives: EMA Crossover
[23:28:51] [INFO]  EMA Crossover: Surveille le croisement de moyennes mobiles exponentielles
[23:28:51] [INFO] Capital initial: $10000.0
[23:28:51] [INFO] Risque par trade: 1.0%
[23:28:51] [INFO] Take Profit: 2.0%
[23:28:51] [INFO] Stop Loss: 1.0%
[23:28:51] [INFO] Signal gnr: EMA Crossover
[23:29:21] [INFO] Bot arrt
[23:32:28] [INFO] Bot dmarr
[23:32:28] [INFO] Stratgies actives: EMA Crossover
[23:32:28] [INFO]  EMA Crossover: Surveille le croisement de moyennes mobiles exponentielles
[23:32:28] [INFO] Capital initial: $10000.0
[23:32:28] [INFO] Risque par trade: 1.0%
[23:32:28] [INFO] Take Profit: 2.0%
[23:32:28] [INFO] Stop Loss: 1.0%
[23:32:28] [INFO] Signal gnr: EMA Crossover
[23:35:37] [INFO] Bot dmarr
[23:35:37] [INFO] Stratgies actives: EMA Crossover
[23:35:37] [INFO]  EMA Crossover: Surveille le croisement de moyennes mobiles exponentielles
[23:35:37] [INFO] Capital initial: $10000.0
[23:35:37] [INFO] Risque par trade: 1.0%
[23:35:37] [INFO] Take Profit: 2.0%
[23:35:37] [INFO] Stop Loss: 1.0%
[23:35:37] [INFO] Signal gnr: EMA Crossover
[23:37:55] [INFO] Bot dmarr
[23:37:55] [INFO] Stratgies actives: EMA Crossover
[23:37:55] [INFO]  EMA Crossover: Surveille le croisement de moyennes mobiles exponentielles
[23:37:55] [INFO] Capital initial: $10000.0
[23:37:55] [INFO] Risque par trade: 1.0%
[23:37:55] [INFO] Take Profit: 2.0%
[23:37:55] [INFO] Stop Loss: 1.0%
[23:37:55] [INFO] Signal gnr: EMA Crossover
[23:41:09] [INFO] Bot dmarr
[23:41:09] [INFO] Stratgies actives: EMA Crossover
[23:41:09] [INFO]  EMA Crossover: Surveille le croisement de moyennes mobiles exponentielles
[23:41:09] [INFO] Capital initial: $10000.0
[23:41:09] [INFO] Risque par trade: 1.0%
[23:41:09] [INFO] Take Profit: 2.0%
[23:41:09] [INFO] Stop Loss: 1.0%
[23:41:09] [INFO] Signal gnr: EMA Crossover
[23:41:28] [INFO] Paramtres de trading sauvegards
[23:45:23] [INFO] Bot dmarr
[23:45:23] [INFO] Stratgies actives: EMA Crossover
[23:45:23] [INFO]  EMA Crossover: Surveille le croisement de moyennes mobiles exponentielles
[23:45:23] [INFO] Capital initial: $10000.0
[23:45:23] [INFO] Risque par trade: 1.0%
[23:45:23] [INFO] Take Profit: 2.0%
[23:45:23] [INFO] Stop Loss: 1.0%
[23:45:23] [INFO] Signal gnr: EMA Crossover
