2025-05-17 11:24:31,754 - __main__ - INFO - Démarrage de l'application...
2025-05-17 11:24:31,815 - __main__ - INFO - Configuration de la page Streamlit effectuée
2025-05-17 11:24:31,815 - __main__ - INFO - Variables d'environnement configurées
2025-05-17 11:24:31,815 - src.bitcoin_scalper.services.mt5_service - INFO - Configuration chargée avec succès
2025-05-17 11:24:32,833 - src.bitcoin_scalper.services.mt5_service - INFO - Tentative de connexion à MT5...
2025-05-17 11:24:39,484 - src.bitcoin_scalper.services.mt5_service - INFO - MT5 initialisé avec succès, version: (500, 4885, '28 Feb 2025')
2025-05-17 11:24:39,524 - src.bitcoin_scalper.services.mt5_service - INFO - Tentative de connexion au serveur Ava-Demo 1-MT5...
2025-05-17 11:24:39,568 - src.bitcoin_scalper.services.mt5_service - INFO - Connecté avec succès à Ava-Demo 1-MT5
2025-05-17 11:24:39,592 - src.bitcoin_scalper.services.mt5_service - INFO - Compte: 101490774, Nom: 17307552
2025-05-17 11:24:39,681 - src.bitcoin_scalper.services.mt5_service - INFO - Solde: 9797.20, Equity: 9797.20
2025-05-17 11:24:39,814 - __main__ - INFO - RefreshManager initialisé
2025-05-17 11:24:39,814 - __main__ - INFO - Initialisation complète de l'application
2025-05-17 11:24:41,111 - UnifiedConfig - INFO - Variables d'environnement chargées depuis .env
2025-05-17 11:24:41,155 - src.bitcoin_scalper.services.mt5_service - INFO - Données récupérées pour BTCUSD: 720 lignes
2025-05-17 11:24:41,171 - src.bitcoin_scalper.services.dashboard_service - INFO - Statistiques du compte mises à jour: {'balance': 9797.2, 'equity': 9797.2, 'profit': 0.0, 'max_drawdown': 0.0, 'win_rate': 0.0, 'open_trades': 0, 'total_trades': 0}
2025-05-17 11:24:41,173 - src.bitcoin_scalper.services.dashboard_service - WARNING - Aucun trade historique trouvé
2025-05-17 11:24:41,173 - src.bitcoin_scalper.services.dashboard_service - INFO - Logs mis à jour avec succès
2025-05-17 11:24:41,173 - src.bitcoin_scalper.services.dashboard_service - INFO - Données du dashboard mises à jour avec succès
2025-05-17 11:24:41,173 - __main__ - INFO - Données initiales chargées
2025-05-17 11:24:41,184 - src.bitcoin_scalper.services.mt5_service - INFO - Mode démo désactivé
2025-05-17 11:24:41,191 - UnifiedConfig - INFO - Configuration sauvegardée dans config\unified_config.json
2025-05-17 11:24:41,195 - src.bitcoin_scalper.services.mt5_service - INFO - Données récupérées pour BTCUSD: 720 lignes
2025-05-17 11:24:41,209 - src.bitcoin_scalper.services.dashboard_service - INFO - Statistiques du compte mises à jour: {'balance': 9797.2, 'equity': 9797.2, 'profit': 0.0, 'max_drawdown': 0.0, 'win_rate': 0.0, 'open_trades': 0, 'total_trades': 0}
2025-05-17 11:24:41,209 - src.bitcoin_scalper.services.dashboard_service - WARNING - Aucun trade historique trouvé
2025-05-17 11:24:41,211 - src.bitcoin_scalper.services.dashboard_service - INFO - Logs mis à jour avec succès
2025-05-17 11:24:41,213 - src.bitcoin_scalper.services.dashboard_service - INFO - Données du dashboard mises à jour avec succès
2025-05-17 11:24:42,401 - __main__ - INFO - Nettoyage des ressources...
2025-05-17 11:24:44,302 - __main__ - INFO - Démarrage de l'application...
2025-05-17 11:24:44,302 - __main__ - INFO - Configuration de la page Streamlit effectuée
2025-05-17 11:24:44,308 - __main__ - INFO - Variables d'environnement configurées
