[19:45:52] [INFO] Bot dmarr avec succs
[19:45:52] [ERROR] Erreur action: module 'streamlit' has no attribute 'experimental_rerun'
[19:51:06] [ERROR] Erreur action: module 'streamlit' has no attribute 'experimental_rerun'
[19:51:08] [ERROR] Erreur action: module 'streamlit' has no attribute 'experimental_rerun'
[19:54:14] [INFO] Bot dmarr avec succs
[19:54:14] [ERROR] Erreur action: module 'streamlit' has no attribute 'experimental_rerun'
[19:56:20] [INFO] Bot dmarr avec succs
[19:56:20] [ERROR] Erreur action: module 'streamlit' has no attribute 'experimental_rerun'
[20:08:31] [INFO] Bot dmarr avec succs
[20:08:31] [INFO] Arrt de la stratgie
[20:13:34] [INFO]  Bot dmarr avec succs
[20:13:34] [INFO] Signal gnr: EMA Crossover
[20:13:39] [INFO] Signal gnr: EMA Crossover
[20:13:44] [INFO] Signal gnr: EMA Crossover
[20:13:49] [INFO] Signal gnr: EMA Crossover
[20:13:54] [INFO] Signal gnr: EMA Crossover
[20:13:59] [INFO] Signal gnr: EMA Crossover
[20:14:02] [INFO]  Bot arrt
[20:14:04] [INFO] Signal gnr: EMA Crossover
[20:14:04] [INFO]  Bot arrt
[20:14:05] [INFO]  Bot arrt
[20:14:05] [INFO]  Bot arrt
[20:14:05] [INFO]  Bot arrt
[20:14:06] [INFO]  Bot arrt
[20:14:06] [INFO]  Bot arrt
[20:14:06] [INFO]  Bot arrt
[20:14:06] [INFO]  Bot arrt
[20:14:06] [INFO]  Bot arrt
[20:14:08] [INFO]  Bot arrt
[20:14:08] [INFO]  Bot arrt
[20:14:09] [INFO] Signal gnr: EMA Crossover
[20:14:14] [INFO] Signal gnr: EMA Crossover
[20:14:19] [INFO] Signal gnr: EMA Crossover
[20:14:24] [INFO] Signal gnr: EMA Crossover
[20:14:29] [INFO] Signal gnr: EMA Crossover
[20:14:34] [INFO] Signal gnr: EMA Crossover
[20:14:39] [INFO] Signal gnr: EMA Crossover
[20:14:44] [INFO] Signal gnr: EMA Crossover
[20:14:49] [INFO] Signal gnr: EMA Crossover
[20:14:54] [INFO] Signal gnr: EMA Crossover
[20:14:59] [INFO] Signal gnr: EMA Crossover
[20:15:04] [INFO] Signal gnr: EMA Crossover
[20:15:09] [INFO] Signal gnr: EMA Crossover
[20:15:14] [INFO] Signal gnr: EMA Crossover
[20:15:19] [INFO] Signal gnr: EMA Crossover
[20:15:24] [INFO] Signal gnr: EMA Crossover
[20:15:29] [INFO] Signal gnr: EMA Crossover
[20:15:34] [INFO] Signal gnr: EMA Crossover
[20:15:39] [INFO] Signal gnr: EMA Crossover
[20:15:44] [INFO] Signal gnr: EMA Crossover
[20:15:49] [INFO] Signal gnr: EMA Crossover
[20:15:54] [INFO] Signal gnr: EMA Crossover
[20:15:59] [INFO] Signal gnr: EMA Crossover
[20:16:04] [INFO] Signal gnr: EMA Crossover
[20:16:09] [INFO] Signal gnr: EMA Crossover
[20:16:14] [INFO] Signal gnr: EMA Crossover
[20:16:19] [INFO] Signal gnr: EMA Crossover
[20:16:24] [INFO] Signal gnr: EMA Crossover
[20:16:29] [INFO] Signal gnr: EMA Crossover
[20:16:34] [INFO] Signal gnr: EMA Crossover
[20:16:39] [INFO] Signal gnr: EMA Crossover
[20:16:44] [INFO] Signal gnr: EMA Crossover
[20:16:49] [INFO] Signal gnr: EMA Crossover
[20:16:54] [INFO] Signal gnr: EMA Crossover
[20:16:59] [INFO] Signal gnr: EMA Crossover
[20:17:05] [INFO] Signal gnr: EMA Crossover
[20:17:10] [INFO] Signal gnr: EMA Crossover
[20:17:15] [INFO] Signal gnr: EMA Crossover
[20:17:20] [INFO] Signal gnr: EMA Crossover
[20:17:25] [INFO] Signal gnr: EMA Crossover
[20:17:30] [INFO] Signal gnr: EMA Crossover
[20:17:35] [INFO] Signal gnr: EMA Crossover
[20:17:40] [INFO] Signal gnr: EMA Crossover
[20:17:45] [INFO] Signal gnr: EMA Crossover
[20:17:50] [INFO] Signal gnr: EMA Crossover
[20:17:55] [INFO] Signal gnr: EMA Crossover
[20:18:00] [INFO] Signal gnr: EMA Crossover
[20:18:05] [INFO] Signal gnr: EMA Crossover
[20:18:10] [INFO] Signal gnr: EMA Crossover
[20:18:15] [INFO] Signal gnr: EMA Crossover
[20:18:20] [INFO] Signal gnr: EMA Crossover
[20:18:25] [INFO] Signal gnr: EMA Crossover
[20:18:30] [INFO] Signal gnr: EMA Crossover
[20:18:35] [INFO] Signal gnr: EMA Crossover
[20:18:40] [INFO] Signal gnr: EMA Crossover
[20:18:45] [INFO] Signal gnr: EMA Crossover
[20:18:50] [INFO] Signal gnr: EMA Crossover
[20:18:55] [INFO] Signal gnr: EMA Crossover
[20:19:00] [INFO] Signal gnr: EMA Crossover
[20:19:05] [INFO] Signal gnr: EMA Crossover
[20:19:10] [INFO] Signal gnr: EMA Crossover
[20:19:15] [INFO] Signal gnr: EMA Crossover
[20:19:20] [INFO] Signal gnr: EMA Crossover
[20:19:25] [INFO] Signal gnr: EMA Crossover
[20:19:30] [INFO] Signal gnr: EMA Crossover
[20:19:35] [INFO] Signal gnr: EMA Crossover
[20:19:40] [INFO] Signal gnr: EMA Crossover
